Using pre-set license
Built from '2022.3/staging' branch; Version is '2022.3.23f1 (dbb3f7c5b5c6) revision 14398455'; Using compiler version '192829333'; Build Type 'Release'
OS: 'Windows 11  (10.0.26100) 64bit Core' Language: 'ko' Physical Memory: 16066 MB
BatchMode: 1, IsHumanControllingUs: 0, StartBugReporterOnCrash: 0, Is64bit: 1, IsPro: 1

COMMAND LINE ARGUMENTS:
C:\Program Files\Unity\Hub\Editor\2022.3.23f1\Editor\Unity.exe
-adb2
-batchMode
-noUpm
-name
AssetImportWorker2
-projectPath
C:/Users/gram/Desktop/ClickKill/LFL/LFL_LIFEFIGHTLEAGUE/LFL
-logFile
Logs/AssetImportWorker2.log
-srvPort
50158
Successfully changed project path to: C:/Users/gram/Desktop/ClickKill/LFL/LFL_LIFEFIGHTLEAGUE/LFL
C:/Users/gram/Desktop/ClickKill/LFL/LFL_LIFEFIGHTLEAGUE/LFL
[UnityMemory] Configuration Parameters - Can be set up in boot.config
    "memorysetup-bucket-allocator-granularity=16"
    "memorysetup-bucket-allocator-bucket-count=8"
    "memorysetup-bucket-allocator-block-size=33554432"
    "memorysetup-bucket-allocator-block-count=8"
    "memorysetup-main-allocator-block-size=16777216"
    "memorysetup-thread-allocator-block-size=16777216"
    "memorysetup-gfx-main-allocator-block-size=16777216"
    "memorysetup-gfx-thread-allocator-block-size=16777216"
    "memorysetup-cache-allocator-block-size=4194304"
    "memorysetup-typetree-allocator-block-size=2097152"
    "memorysetup-profiler-bucket-allocator-granularity=16"
    "memorysetup-profiler-bucket-allocator-bucket-count=8"
    "memorysetup-profiler-bucket-allocator-block-size=33554432"
    "memorysetup-profiler-bucket-allocator-block-count=8"
    "memorysetup-profiler-allocator-block-size=16777216"
    "memorysetup-profiler-editor-allocator-block-size=1048576"
    "memorysetup-temp-allocator-size-main=16777216"
    "memorysetup-job-temp-allocator-block-size=2097152"
    "memorysetup-job-temp-allocator-block-size-background=1048576"
    "memorysetup-job-temp-allocator-reduction-small-platforms=262144"
    "memorysetup-allocator-temp-initial-block-size-main=262144"
    "memorysetup-allocator-temp-initial-block-size-worker=262144"
    "memorysetup-temp-allocator-size-background-worker=32768"
    "memorysetup-temp-allocator-size-job-worker=262144"
    "memorysetup-temp-allocator-size-preload-manager=33554432"
    "memorysetup-temp-allocator-size-nav-mesh-worker=65536"
    "memorysetup-temp-allocator-size-audio-worker=65536"
    "memorysetup-temp-allocator-size-cloud-worker=32768"
    "memorysetup-temp-allocator-size-gi-baking-worker=262144"
    "memorysetup-temp-allocator-size-gfx=262144"
Player connection [20096] Host "[IP] 192.168.35.250 [Port] 0 [Flags] 2 [Guid] 868735192 [EditorId] 868735192 [Version] 1048832 [Id] WindowsEditor(7,DESKTOP-NCGK6FH) [Debug] 1 [PackageName] WindowsEditor [ProjectName] Editor" joined multi-casting on [225.0.0.222:54997]...

Player connection [20096] Host "[IP] 192.168.35.250 [Port] 0 [Flags] 2 [Guid] 868735192 [EditorId] 868735192 [Version] 1048832 [Id] WindowsEditor(7,DESKTOP-NCGK6FH) [Debug] 1 [PackageName] WindowsEditor [ProjectName] Editor" joined alternative multi-casting on [225.0.0.222:34997]...

[Physics::Module] Initialized MultithreadedJobDispatcher with 15 workers.
Refreshing native plugins compatible for Editor in 9.71 ms, found 4 plugins.
Preloading 0 native plugins for Editor in 0.00 ms.
Initialize engine version: 2022.3.23f1 (dbb3f7c5b5c6)
[Subsystems] Discovering subsystems at path C:/Program Files/Unity/Hub/Editor/2022.3.23f1/Editor/Data/Resources/UnitySubsystems
[Subsystems] Discovering subsystems at path C:/Users/gram/Desktop/ClickKill/LFL/LFL_LIFEFIGHTLEAGUE/LFL/Assets
GfxDevice: creating device client; threaded=0; jobified=0
Direct3D:
    Version:  Direct3D 11.0 [level 11.1]
    Renderer: Intel(R) Iris(R) Xe Graphics (ID=0x46a6)
    Vendor:   Intel
    VRAM:     8033 MB
    Driver:   31.0.101.4032
Initialize mono
Mono path[0] = 'C:/Program Files/Unity/Hub/Editor/2022.3.23f1/Editor/Data/Managed'
Mono path[1] = 'C:/Program Files/Unity/Hub/Editor/2022.3.23f1/Editor/Data/MonoBleedingEdge/lib/mono/unityjit-win32'
Mono config path = 'C:/Program Files/Unity/Hub/Editor/2022.3.23f1/Editor/Data/MonoBleedingEdge/etc'
Using monoOptions --debugger-agent=transport=dt_socket,embedding=1,server=y,suspend=n,address=127.0.0.1:56444
Begin MonoManager ReloadAssembly
Registering precompiled unity dll's ...
Register platform support module: C:/Program Files/Unity/Hub/Editor/2022.3.23f1/Editor/Data/PlaybackEngines/AndroidPlayer/UnityEditor.Android.Extensions.dll
Register platform support module: C:/Program Files/Unity/Hub/Editor/2022.3.23f1/Editor/Data/PlaybackEngines/WindowsStandaloneSupport/UnityEditor.WindowsStandalone.Extensions.dll
Registered in 0.004850 seconds.
- Loaded All Assemblies, in  0.290 seconds
Native extension for WindowsStandalone target not found
Native extension for Android target not found
Android Extension - Scanning For ADB Devices 170 ms
Mono: successfully reloaded assembly
- Finished resetting the current domain, in  0.447 seconds
Domain Reload Profiling: 736ms
	BeginReloadAssembly (101ms)
		ExecutionOrderSort (0ms)
		DisableScriptedObjects (0ms)
		BackupInstance (0ms)
		ReleaseScriptingObjects (0ms)
		CreateAndSetChildDomain (1ms)
	RebuildCommonClasses (31ms)
	RebuildNativeTypeToScriptingClass (9ms)
	initialDomainReloadingComplete (43ms)
	LoadAllAssembliesAndSetupDomain (106ms)
		LoadAssemblies (100ms)
		RebuildTransferFunctionScriptingTraits (0ms)
		AnalyzeDomain (104ms)
			TypeCache.Refresh (103ms)
				TypeCache.ScanAssembly (93ms)
			ScanForSourceGeneratedMonoScriptInfo (0ms)
			ResolveRequiredComponents (0ms)
	FinalizeReload (447ms)
		ReleaseScriptCaches (0ms)
		RebuildScriptCaches (0ms)
		SetupLoadedEditorAssemblies (399ms)
			LogAssemblyErrors (0ms)
			InitializePlatformSupportModulesInManaged (258ms)
			SetLoadedEditorAssemblies (4ms)
			RefreshPlugins (0ms)
			BeforeProcessingInitializeOnLoad (2ms)
			ProcessInitializeOnLoadAttributes (85ms)
			ProcessInitializeOnLoadMethodAttributes (50ms)
			AfterProcessingInitializeOnLoad (0ms)
			EditorAssembliesLoaded (0ms)
		ExecutionOrderSort2 (0ms)
		AwakeInstancesAfterBackupRestoration (0ms)
========================================================================
Worker process is ready to serve import requests
Begin MonoManager ReloadAssembly
- Loaded All Assemblies, in  0.491 seconds
Refreshing native plugins compatible for Editor in 2.65 ms, found 4 plugins.
Native extension for WindowsStandalone target not found
Native extension for Android target not found
Mono: successfully reloaded assembly
- Finished resetting the current domain, in  0.532 seconds
Domain Reload Profiling: 1021ms
	BeginReloadAssembly (108ms)
		ExecutionOrderSort (0ms)
		DisableScriptedObjects (4ms)
		BackupInstance (0ms)
		ReleaseScriptingObjects (0ms)
		CreateAndSetChildDomain (17ms)
	RebuildCommonClasses (26ms)
	RebuildNativeTypeToScriptingClass (8ms)
	initialDomainReloadingComplete (32ms)
	LoadAllAssembliesAndSetupDomain (315ms)
		LoadAssemblies (232ms)
		RebuildTransferFunctionScriptingTraits (0ms)
		AnalyzeDomain (145ms)
			TypeCache.Refresh (123ms)
				TypeCache.ScanAssembly (109ms)
			ScanForSourceGeneratedMonoScriptInfo (17ms)
			ResolveRequiredComponents (4ms)
	FinalizeReload (532ms)
		ReleaseScriptCaches (0ms)
		RebuildScriptCaches (0ms)
		SetupLoadedEditorAssemblies (409ms)
			LogAssemblyErrors (0ms)
			InitializePlatformSupportModulesInManaged (19ms)
			SetLoadedEditorAssemblies (4ms)
			RefreshPlugins (0ms)
			BeforeProcessingInitializeOnLoad (57ms)
			ProcessInitializeOnLoadAttributes (297ms)
			ProcessInitializeOnLoadMethodAttributes (30ms)
			AfterProcessingInitializeOnLoad (3ms)
			EditorAssembliesLoaded (0ms)
		ExecutionOrderSort2 (0ms)
		AwakeInstancesAfterBackupRestoration (5ms)
Launched and connected shader compiler UnityShaderCompiler.exe after 0.03 seconds
Refreshing native plugins compatible for Editor in 2.73 ms, found 4 plugins.
Preloading 0 native plugins for Editor in 0.00 ms.
Unloading 4076 Unused Serialized files (Serialized files now loaded: 0)
Unloading 71 unused Assets / (244.7 KB). Loaded Objects now: 4535.
Memory consumption went from 150.0 MB to 149.7 MB.
Total: 3.181800 ms (FindLiveObjects: 0.220600 ms CreateObjectMapping: 0.103700 ms MarkObjects: 2.643500 ms  DeleteObjects: 0.212700 ms)

AssetImportParameters requested are different than current active one (requested -> active):
  custom:container-demuxer-ogg: 62fdf1f143b41e24485cea50d1cbac27 -> 
  custom:video-codec-MediaFoundation-h265: 746d11721c4dcdbdad8f713fa42b33f4 -> 
  custom:video-decoder-ogg-theora: a1e56fd34408186e4bbccfd4996cb3dc -> 
  custom:framework-win-MediaFoundation: 216162199b28c13a410421893ffa2e32 -> 
  custom:CustomObjectIndexerAttribute: 9a22284fe3817be447336de3de66b15e -> 
  custom:container-demuxer-webm: 4f35f7cbe854078d1ac9338744f61a02 -> 
  custom:container-muxer-webm: aa71ff27fc2769a1b78a27578f13a17b -> 
  custom:video-decoder-webm-vp8: 9c59270c3fd7afecdb556c50c9e8de78 -> 
  custom:SearchIndexIgnoredProperties: e643bd26f0fe6173181afceb89e7c659 -> 
  custom:AudioImporter_EditorPlatform: d09bf68614088b80899f8185d706f6e7 -> 
  custom:video-encoder-webm-vp8: eb34c28f22e8b96e1ab97ce403110664 -> 
  custom:audio-decoder-ogg-vorbis: bf7c407c2cedff20999df2af8eb42d56 -> 
  custom:audio-encoder-webm-vorbis: bf7c407c2cedff20999df2af8eb42d56 -> 
========================================================================
Received Import Request.
  Time since last request: 1779778.943114 seconds.
  path: Assets/Assets/Dark UI/Free/Right BTN.png
  artifactKey: Guid(9dbc314d5e9a24d459a014d90696eb18) Importer(815301076,1909f56bfc062723c751e8b465ee728b)
Start importing Assets/Assets/Dark UI/Free/Right BTN.png using Guid(9dbc314d5e9a24d459a014d90696eb18) Importer(815301076,1909f56bfc062723c751e8b465ee728b)  -> (artifact id: '79dbe1eff347f42c2e65f803730fa2d5') in 0.086310 seconds
Number of updated asset objects reloaded before import = 0
Number of asset objects unloaded after import = 3
========================================================================
Received Import Request.
  Time since last request: 0.000024 seconds.
  path: Assets/Assets/Dark UI/New Icons/White Acorn.png
  artifactKey: Guid(ac5118164d2b8e142b02d0c60f1e5602) Importer(815301076,1909f56bfc062723c751e8b465ee728b)
Start importing Assets/Assets/Dark UI/New Icons/White Acorn.png using Guid(ac5118164d2b8e142b02d0c60f1e5602) Importer(815301076,1909f56bfc062723c751e8b465ee728b)  -> (artifact id: '5eb81fd2f3d73a79ddc197f24da78a64') in 0.028321 seconds
Number of updated asset objects reloaded before import = 0
Number of asset objects unloaded after import = 3
========================================================================
Received Import Request.
  Time since last request: 0.634398 seconds.
  path: Assets/Assets/Dark UI/New Icons/White Airplane.png
  artifactKey: Guid(6480c79f7c5e0d24eb216252c001b429) Importer(815301076,1909f56bfc062723c751e8b465ee728b)
Start importing Assets/Assets/Dark UI/New Icons/White Airplane.png using Guid(6480c79f7c5e0d24eb216252c001b429) Importer(815301076,1909f56bfc062723c751e8b465ee728b)  -> (artifact id: '8df5514bbffb03b0b3ed7b7360785c46') in 0.058908 seconds
Number of updated asset objects reloaded before import = 0
Number of asset objects unloaded after import = 3
========================================================================
Received Import Request.
  Time since last request: 0.000020 seconds.
  path: Assets/Assets/Dark UI/New Icons/White Axe.png
  artifactKey: Guid(906bd1c2c8957684590dd0a52379234f) Importer(815301076,1909f56bfc062723c751e8b465ee728b)
Start importing Assets/Assets/Dark UI/New Icons/White Axe.png using Guid(906bd1c2c8957684590dd0a52379234f) Importer(815301076,1909f56bfc062723c751e8b465ee728b)  -> (artifact id: 'e8cd6383ff3f38399f7b691d76cf5142') in 0.028610 seconds
Number of updated asset objects reloaded before import = 0
Number of asset objects unloaded after import = 3
========================================================================
Received Import Request.
  Time since last request: 0.000029 seconds.
  path: Assets/Assets/Dark UI/New Icons/White Arrow.png
  artifactKey: Guid(e20aa8671589f494fb5b1f00ecdc2dd4) Importer(815301076,1909f56bfc062723c751e8b465ee728b)
Start importing Assets/Assets/Dark UI/New Icons/White Arrow.png using Guid(e20aa8671589f494fb5b1f00ecdc2dd4) Importer(815301076,1909f56bfc062723c751e8b465ee728b)  -> (artifact id: '0811a77b2c099b6812c9b9539da4a4a3') in 0.042134 seconds
Number of updated asset objects reloaded before import = 0
Number of asset objects unloaded after import = 3
========================================================================
Received Import Request.
  Time since last request: 0.566903 seconds.
  path: Assets/Assets/Dark UI/New Icons/White Axe 2.png
  artifactKey: Guid(4ffe3e2e0c07c5d479b6ec59368aada3) Importer(815301076,1909f56bfc062723c751e8b465ee728b)
Start importing Assets/Assets/Dark UI/New Icons/White Axe 2.png using Guid(4ffe3e2e0c07c5d479b6ec59368aada3) Importer(815301076,1909f56bfc062723c751e8b465ee728b)  -> (artifact id: '0fec92bc1f815d607d2bf5487ba346b2') in 0.039323 seconds
Number of updated asset objects reloaded before import = 0
Number of asset objects unloaded after import = 3
========================================================================
Received Import Request.
  Time since last request: 0.000032 seconds.
  path: Assets/Assets/Dark UI/New Icons/White Bag 1.png
  artifactKey: Guid(b36b4b90183aad44992a0f3ba8e36764) Importer(815301076,1909f56bfc062723c751e8b465ee728b)
Start importing Assets/Assets/Dark UI/New Icons/White Bag 1.png using Guid(b36b4b90183aad44992a0f3ba8e36764) Importer(815301076,1909f56bfc062723c751e8b465ee728b)  -> (artifact id: '57590e70a3fbe88dec1b437bb0f1888b') in 0.028138 seconds
Number of updated asset objects reloaded before import = 0
Number of asset objects unloaded after import = 3
========================================================================
Received Import Request.
  Time since last request: 0.314651 seconds.
  path: Assets/Assets/Dark UI/New Icons/White Banner.png
  artifactKey: Guid(d049d405e9ee26b4aa2e095359ad416f) Importer(815301076,1909f56bfc062723c751e8b465ee728b)
Start importing Assets/Assets/Dark UI/New Icons/White Banner.png using Guid(d049d405e9ee26b4aa2e095359ad416f) Importer(815301076,1909f56bfc062723c751e8b465ee728b)  -> (artifact id: 'f383c08b77a065ef370ced770d504b9f') in 0.034637 seconds
Number of updated asset objects reloaded before import = 0
Number of asset objects unloaded after import = 3
========================================================================
Received Import Request.
  Time since last request: 0.026608 seconds.
  path: Assets/Assets/Dark UI/New Icons/White Bishop.png
  artifactKey: Guid(7295007a4f71b1d48a13b13b05491cd7) Importer(815301076,1909f56bfc062723c751e8b465ee728b)
Start importing Assets/Assets/Dark UI/New Icons/White Bishop.png using Guid(7295007a4f71b1d48a13b13b05491cd7) Importer(815301076,1909f56bfc062723c751e8b465ee728b)  -> (artifact id: '7d66cc41ecfe3d35d774267a808c2b04') in 0.026760 seconds
Number of updated asset objects reloaded before import = 0
Number of asset objects unloaded after import = 3
========================================================================
Received Import Request.
  Time since last request: 0.000081 seconds.
  path: Assets/Assets/Dark UI/New Icons/White Blade 2.png
  artifactKey: Guid(a611e29c1aa703e44a41817ded85095a) Importer(815301076,1909f56bfc062723c751e8b465ee728b)
Start importing Assets/Assets/Dark UI/New Icons/White Blade 2.png using Guid(a611e29c1aa703e44a41817ded85095a) Importer(815301076,1909f56bfc062723c751e8b465ee728b)  -> (artifact id: 'c2d2baa76e65afa3f3418cca21478d54') in 0.024911 seconds
Number of updated asset objects reloaded before import = 0
Number of asset objects unloaded after import = 3
========================================================================
Received Import Request.
  Time since last request: 0.422114 seconds.
  path: Assets/Assets/Dark UI/New Icons/White Bomb.png
  artifactKey: Guid(bb22a3ee8ce32a140a724d2eb5228c19) Importer(815301076,1909f56bfc062723c751e8b465ee728b)
Start importing Assets/Assets/Dark UI/New Icons/White Bomb.png using Guid(bb22a3ee8ce32a140a724d2eb5228c19) Importer(815301076,1909f56bfc062723c751e8b465ee728b)  -> (artifact id: '2c01a6ab82585fd14b6898c431a22f91') in 0.039294 seconds
Number of updated asset objects reloaded before import = 0
Number of asset objects unloaded after import = 3
========================================================================
Received Import Request.
  Time since last request: 0.000021 seconds.
  path: Assets/Assets/Dark UI/New Icons/White Building.png
  artifactKey: Guid(fd17e86cde79d054ba2a9b2e6b078493) Importer(815301076,1909f56bfc062723c751e8b465ee728b)
Start importing Assets/Assets/Dark UI/New Icons/White Building.png using Guid(fd17e86cde79d054ba2a9b2e6b078493) Importer(815301076,1909f56bfc062723c751e8b465ee728b)  -> (artifact id: '77c8074416f3ecac207e80247321815f') in 0.031139 seconds
Number of updated asset objects reloaded before import = 0
Number of asset objects unloaded after import = 3
========================================================================
Received Import Request.
  Time since last request: 0.000093 seconds.
  path: Assets/Assets/Dark UI/New Icons/White Bug 2.png
  artifactKey: Guid(d456fe370b1dc30469820438c30781e0) Importer(815301076,1909f56bfc062723c751e8b465ee728b)
Start importing Assets/Assets/Dark UI/New Icons/White Bug 2.png using Guid(d456fe370b1dc30469820438c30781e0) Importer(815301076,1909f56bfc062723c751e8b465ee728b)  -> (artifact id: 'c5fcb99c80bef980c3ea8a65654958ae') in 0.033989 seconds
Number of updated asset objects reloaded before import = 0
Number of asset objects unloaded after import = 3
========================================================================
Received Import Request.
  Time since last request: 0.959115 seconds.
  path: Assets/Assets/Dark UI/New Icons/White Calculator.png
  artifactKey: Guid(637e2bac5ed5f77469f74b9f33504f0d) Importer(815301076,1909f56bfc062723c751e8b465ee728b)
Start importing Assets/Assets/Dark UI/New Icons/White Calculator.png using Guid(637e2bac5ed5f77469f74b9f33504f0d) Importer(815301076,1909f56bfc062723c751e8b465ee728b)  -> (artifact id: '634edb2e37847ab4a5e0b3185eb3c4ad') in 0.050559 seconds
Number of updated asset objects reloaded before import = 0
Number of asset objects unloaded after import = 3
========================================================================
Received Import Request.
  Time since last request: 0.000037 seconds.
  path: Assets/Assets/Dark UI/New Icons/White Castle 1.png
  artifactKey: Guid(ae8612789069f1e499e237f945c66b29) Importer(815301076,1909f56bfc062723c751e8b465ee728b)
Start importing Assets/Assets/Dark UI/New Icons/White Castle 1.png using Guid(ae8612789069f1e499e237f945c66b29) Importer(815301076,1909f56bfc062723c751e8b465ee728b)  -> (artifact id: '0cb2efe99348388942cfd53e3043ade5') in 0.025254 seconds
Number of updated asset objects reloaded before import = 0
Number of asset objects unloaded after import = 3
========================================================================
Received Import Request.
  Time since last request: 0.000024 seconds.
  path: Assets/Assets/Dark UI/New Icons/White Check.png
  artifactKey: Guid(1fe5a7887d4d25c448821b998ec50d9e) Importer(815301076,1909f56bfc062723c751e8b465ee728b)
Start importing Assets/Assets/Dark UI/New Icons/White Check.png using Guid(1fe5a7887d4d25c448821b998ec50d9e) Importer(815301076,1909f56bfc062723c751e8b465ee728b)  -> (artifact id: '38bd3f05188a2621b58156a973e85a25') in 0.022461 seconds
Number of updated asset objects reloaded before import = 0
Number of asset objects unloaded after import = 3
========================================================================
Received Import Request.
  Time since last request: 0.000017 seconds.
  path: Assets/Assets/Dark UI/New Icons/White Chat 2.png
  artifactKey: Guid(0a281fdf0a57da34eb4e9867d8fe0087) Importer(815301076,1909f56bfc062723c751e8b465ee728b)
Start importing Assets/Assets/Dark UI/New Icons/White Chat 2.png using Guid(0a281fdf0a57da34eb4e9867d8fe0087) Importer(815301076,1909f56bfc062723c751e8b465ee728b)  -> (artifact id: 'c38b3e392354710ca9a379146a650c1d') in 0.025519 seconds
Number of updated asset objects reloaded before import = 0
Number of asset objects unloaded after import = 3
========================================================================
Received Import Request.
  Time since last request: 0.000268 seconds.
  path: Assets/Assets/Dark UI/New Icons/White Clip 2.png
  artifactKey: Guid(7f637cafdeaccbc439a4252b7144251f) Importer(815301076,1909f56bfc062723c751e8b465ee728b)
Start importing Assets/Assets/Dark UI/New Icons/White Clip 2.png using Guid(7f637cafdeaccbc439a4252b7144251f) Importer(815301076,1909f56bfc062723c751e8b465ee728b)  -> (artifact id: 'a07e29e6275fe8ad4ac3ea314d56d8c7') in 0.028042 seconds
Number of updated asset objects reloaded before import = 0
Number of asset objects unloaded after import = 3
========================================================================
Received Import Request.
  Time since last request: 0.000022 seconds.
  path: Assets/Assets/Dark UI/New Icons/White Cloud 2.png
  artifactKey: Guid(26296941768b8ce45919770860a12d3a) Importer(815301076,1909f56bfc062723c751e8b465ee728b)
Start importing Assets/Assets/Dark UI/New Icons/White Cloud 2.png using Guid(26296941768b8ce45919770860a12d3a) Importer(815301076,1909f56bfc062723c751e8b465ee728b)  -> (artifact id: '9f7578bbc29f4386d2e6b369b0bb9496') in 0.026794 seconds
Number of updated asset objects reloaded before import = 0
Number of asset objects unloaded after import = 3
========================================================================
Received Import Request.
  Time since last request: 0.000022 seconds.
  path: Assets/Assets/Dark UI/New Icons/White Cross Swords.png
  artifactKey: Guid(3913229a660ff0f4e842bbb278a76672) Importer(815301076,1909f56bfc062723c751e8b465ee728b)
Start importing Assets/Assets/Dark UI/New Icons/White Cross Swords.png using Guid(3913229a660ff0f4e842bbb278a76672) Importer(815301076,1909f56bfc062723c751e8b465ee728b)  -> (artifact id: '975a1c19e76224a2f7ebf531b463ccae') in 0.028188 seconds
Number of updated asset objects reloaded before import = 0
Number of asset objects unloaded after import = 3
========================================================================
Received Import Request.
  Time since last request: 0.000022 seconds.
  path: Assets/Assets/Dark UI/New Icons/White Controls.png
  artifactKey: Guid(baeb018aa1f4d7d47beb433793486c76) Importer(815301076,1909f56bfc062723c751e8b465ee728b)
Start importing Assets/Assets/Dark UI/New Icons/White Controls.png using Guid(baeb018aa1f4d7d47beb433793486c76) Importer(815301076,1909f56bfc062723c751e8b465ee728b)  -> (artifact id: '906e2224c2cd6d9206d43524aa2ae3c7') in 0.026638 seconds
Number of updated asset objects reloaded before import = 0
Number of asset objects unloaded after import = 3
========================================================================
Received Import Request.
  Time since last request: 0.000021 seconds.
  path: Assets/Assets/Dark UI/New Icons/White Choices.png
  artifactKey: Guid(cfcc9b2d60e4e634799b705f383d0863) Importer(815301076,1909f56bfc062723c751e8b465ee728b)
Start importing Assets/Assets/Dark UI/New Icons/White Choices.png using Guid(cfcc9b2d60e4e634799b705f383d0863) Importer(815301076,1909f56bfc062723c751e8b465ee728b)  -> (artifact id: 'ea09b5666a5faa27ce6eb4411403f643') in 0.026486 seconds
Number of updated asset objects reloaded before import = 0
Number of asset objects unloaded after import = 3
========================================================================
Received Import Request.
  Time since last request: 0.063678 seconds.
  path: Assets/Assets/Dark UI/New Icons/White Cycle.png
  artifactKey: Guid(94c7e2ea147841740a2ddab55760dde4) Importer(815301076,1909f56bfc062723c751e8b465ee728b)
Start importing Assets/Assets/Dark UI/New Icons/White Cycle.png using Guid(94c7e2ea147841740a2ddab55760dde4) Importer(815301076,1909f56bfc062723c751e8b465ee728b)  -> (artifact id: 'cd38cb8892f3c2fe7e22bbfb26c9662c') in 0.028689 seconds
Number of updated asset objects reloaded before import = 0
Number of asset objects unloaded after import = 3
========================================================================
Received Import Request.
  Time since last request: 0.000018 seconds.
  path: Assets/Assets/Dark UI/New Icons/White Energy 2.png
  artifactKey: Guid(64d182adf2398fe478c63ba1cd15a097) Importer(815301076,1909f56bfc062723c751e8b465ee728b)
Start importing Assets/Assets/Dark UI/New Icons/White Energy 2.png using Guid(64d182adf2398fe478c63ba1cd15a097) Importer(815301076,1909f56bfc062723c751e8b465ee728b)  -> (artifact id: '4a56b016e6fdedcd5e867ac453cd16e6') in 0.026399 seconds
Number of updated asset objects reloaded before import = 0
Number of asset objects unloaded after import = 3
========================================================================
Received Import Request.
  Time since last request: 0.000019 seconds.
  path: Assets/Assets/Dark UI/New Icons/White Dollar Sign.png
  artifactKey: Guid(ed58699d39fb18f45a75204c4c4e6abd) Importer(815301076,1909f56bfc062723c751e8b465ee728b)
Start importing Assets/Assets/Dark UI/New Icons/White Dollar Sign.png using Guid(ed58699d39fb18f45a75204c4c4e6abd) Importer(815301076,1909f56bfc062723c751e8b465ee728b)  -> (artifact id: '5c4a42f66639cbb5298431d1121db646') in 0.026715 seconds
Number of updated asset objects reloaded before import = 0
Number of asset objects unloaded after import = 3
========================================================================
Received Import Request.
  Time since last request: 0.000018 seconds.
  path: Assets/Assets/Dark UI/New Icons/White Fast Rewind.png
  artifactKey: Guid(26b3db638b7370c4fbf0c5963303663e) Importer(815301076,1909f56bfc062723c751e8b465ee728b)
Start importing Assets/Assets/Dark UI/New Icons/White Fast Rewind.png using Guid(26b3db638b7370c4fbf0c5963303663e) Importer(815301076,1909f56bfc062723c751e8b465ee728b)  -> (artifact id: '047334e47dd48495adb21c3e2c2ee601') in 0.029966 seconds
Number of updated asset objects reloaded before import = 0
Number of asset objects unloaded after import = 3
========================================================================
Received Import Request.
  Time since last request: 0.000019 seconds.
  path: Assets/Assets/Dark UI/New Icons/White Explosion.png
  artifactKey: Guid(18943fa978f425d4b9c59d52ef459559) Importer(815301076,1909f56bfc062723c751e8b465ee728b)
Start importing Assets/Assets/Dark UI/New Icons/White Explosion.png using Guid(18943fa978f425d4b9c59d52ef459559) Importer(815301076,1909f56bfc062723c751e8b465ee728b)  -> (artifact id: 'fa0a8be1bbd7048acd6321ba3ff08b93') in 0.025965 seconds
Number of updated asset objects reloaded before import = 0
Number of asset objects unloaded after import = 3
========================================================================
Received Import Request.
  Time since last request: 0.126188 seconds.
  path: Assets/Assets/Dark UI/New Icons/White Files.png
  artifactKey: Guid(d72d370ad78d6e64e9efcaddc7975de2) Importer(815301076,1909f56bfc062723c751e8b465ee728b)
Start importing Assets/Assets/Dark UI/New Icons/White Files.png using Guid(d72d370ad78d6e64e9efcaddc7975de2) Importer(815301076,1909f56bfc062723c751e8b465ee728b)  -> (artifact id: 'f1423f57a7cc315285b90ceada42a8fa') in 0.050995 seconds
Number of updated asset objects reloaded before import = 0
Number of asset objects unloaded after import = 3
========================================================================
Received Import Request.
  Time since last request: 0.030016 seconds.
  path: Assets/Assets/Dark UI/New Icons/White Flow Sysmbol.png
  artifactKey: Guid(c6d46eb39cf9ea0478439055ee01b726) Importer(815301076,1909f56bfc062723c751e8b465ee728b)
Start importing Assets/Assets/Dark UI/New Icons/White Flow Sysmbol.png using Guid(c6d46eb39cf9ea0478439055ee01b726) Importer(815301076,1909f56bfc062723c751e8b465ee728b)  -> (artifact id: '52870a815b56c56276b977dda49af698') in 0.039956 seconds
Number of updated asset objects reloaded before import = 0
Number of asset objects unloaded after import = 3
========================================================================
Received Import Request.
  Time since last request: 0.000060 seconds.
  path: Assets/Assets/Dark UI/New Icons/White Gem 1.png
  artifactKey: Guid(228d69029e457c443a5eb0f973e92089) Importer(815301076,1909f56bfc062723c751e8b465ee728b)
Start importing Assets/Assets/Dark UI/New Icons/White Gem 1.png using Guid(228d69029e457c443a5eb0f973e92089) Importer(815301076,1909f56bfc062723c751e8b465ee728b)  -> (artifact id: '666d87015e7e5f985f9043fd928d740e') in 0.029329 seconds
Number of updated asset objects reloaded before import = 0
Number of asset objects unloaded after import = 3
========================================================================
Received Import Request.
  Time since last request: 0.000032 seconds.
  path: Assets/Assets/Dark UI/New Icons/White Gasoline.png
  artifactKey: Guid(f0d723fbdc0a7af4ea7265a14182085a) Importer(815301076,1909f56bfc062723c751e8b465ee728b)
Start importing Assets/Assets/Dark UI/New Icons/White Gasoline.png using Guid(f0d723fbdc0a7af4ea7265a14182085a) Importer(815301076,1909f56bfc062723c751e8b465ee728b)  -> (artifact id: 'a8ead46d416742f833e51ef617df9fc6') in 0.034592 seconds
Number of updated asset objects reloaded before import = 0
Number of asset objects unloaded after import = 3
========================================================================
Received Import Request.
  Time since last request: 0.171882 seconds.
  path: Assets/Assets/Dark UI/New Icons/White Globe.png
  artifactKey: Guid(a9f7b103cae6fe64dab8018e71186a2e) Importer(815301076,1909f56bfc062723c751e8b465ee728b)
Start importing Assets/Assets/Dark UI/New Icons/White Globe.png using Guid(a9f7b103cae6fe64dab8018e71186a2e) Importer(815301076,1909f56bfc062723c751e8b465ee728b)  -> (artifact id: 'c9557b8eda4f119a289f55c41fba4dc4') in 0.030410 seconds
Number of updated asset objects reloaded before import = 0
Number of asset objects unloaded after import = 3
========================================================================
Received Import Request.
  Time since last request: 0.000020 seconds.
  path: Assets/Assets/Dark UI/New Icons/White Gun 2.png
  artifactKey: Guid(7715a24bf5febe24aabc3b995d76ee6d) Importer(815301076,1909f56bfc062723c751e8b465ee728b)
Start importing Assets/Assets/Dark UI/New Icons/White Gun 2.png using Guid(7715a24bf5febe24aabc3b995d76ee6d) Importer(815301076,1909f56bfc062723c751e8b465ee728b)  -> (artifact id: 'ef8aab08468e31904840f3af9f795010') in 0.027221 seconds
Number of updated asset objects reloaded before import = 0
Number of asset objects unloaded after import = 3
========================================================================
Received Import Request.
  Time since last request: 0.001998 seconds.
  path: Assets/Assets/Dark UI/New Icons/White Hammer 2.png
  artifactKey: Guid(e9eb87fd4962a704faf3ec8c2912c635) Importer(815301076,1909f56bfc062723c751e8b465ee728b)
Start importing Assets/Assets/Dark UI/New Icons/White Hammer 2.png using Guid(e9eb87fd4962a704faf3ec8c2912c635) Importer(815301076,1909f56bfc062723c751e8b465ee728b)  -> (artifact id: '405ab08fc5fed5903f7b7915d466daca') in 0.027450 seconds
Number of updated asset objects reloaded before import = 0
Number of asset objects unloaded after import = 3
========================================================================
Received Import Request.
  Time since last request: 0.000186 seconds.
  path: Assets/Assets/Dark UI/New Icons/White Heart Arrow.png
  artifactKey: Guid(8fef4bbb630501a4aafaabdd9da48f64) Importer(815301076,1909f56bfc062723c751e8b465ee728b)
Start importing Assets/Assets/Dark UI/New Icons/White Heart Arrow.png using Guid(8fef4bbb630501a4aafaabdd9da48f64) Importer(815301076,1909f56bfc062723c751e8b465ee728b)  -> (artifact id: '9e4380fdda90243dcb4142678aa95ec6') in 0.025417 seconds
Number of updated asset objects reloaded before import = 0
Number of asset objects unloaded after import = 3
========================================================================
Received Import Request.
  Time since last request: 0.000303 seconds.
  path: Assets/Assets/Dark UI/New Icons/White Home 3.png
  artifactKey: Guid(11d17bc300057b24fa03bc50f2f9d87a) Importer(815301076,1909f56bfc062723c751e8b465ee728b)
Start importing Assets/Assets/Dark UI/New Icons/White Home 3.png using Guid(11d17bc300057b24fa03bc50f2f9d87a) Importer(815301076,1909f56bfc062723c751e8b465ee728b)  -> (artifact id: '507c8d4de4d402c45b2de5d393f40473') in 0.029122 seconds
Number of updated asset objects reloaded before import = 0
Number of asset objects unloaded after import = 3
========================================================================
Received Import Request.
  Time since last request: 0.061072 seconds.
  path: Assets/Assets/Dark UI/New Icons/White Hour Glass.png
  artifactKey: Guid(db9dad1771665cb498b552f7009c4823) Importer(815301076,1909f56bfc062723c751e8b465ee728b)
Start importing Assets/Assets/Dark UI/New Icons/White Hour Glass.png using Guid(db9dad1771665cb498b552f7009c4823) Importer(815301076,1909f56bfc062723c751e8b465ee728b)  -> (artifact id: 'ff8dee35ed594fefe4fb9ce321f43879') in 0.028931 seconds
Number of updated asset objects reloaded before import = 0
Number of asset objects unloaded after import = 3
========================================================================
Received Import Request.
  Time since last request: 0.000018 seconds.
  path: Assets/Assets/Dark UI/New Icons/White Key.png
  artifactKey: Guid(e3dc68783919341458e70e2a3ed5ebc1) Importer(815301076,1909f56bfc062723c751e8b465ee728b)
Start importing Assets/Assets/Dark UI/New Icons/White Key.png using Guid(e3dc68783919341458e70e2a3ed5ebc1) Importer(815301076,1909f56bfc062723c751e8b465ee728b)  -> (artifact id: '594eacbbd926263272fbed9528ae050a') in 0.029305 seconds
Number of updated asset objects reloaded before import = 0
Number of asset objects unloaded after import = 3
========================================================================
Received Import Request.
  Time since last request: 0.016706 seconds.
  path: Assets/Assets/Dark UI/New Icons/White Knight.png
  artifactKey: Guid(9127bb7b525b8424fb967ef6627e220c) Importer(815301076,1909f56bfc062723c751e8b465ee728b)
Start importing Assets/Assets/Dark UI/New Icons/White Knight.png using Guid(9127bb7b525b8424fb967ef6627e220c) Importer(815301076,1909f56bfc062723c751e8b465ee728b)  -> (artifact id: '7d07b2ce8fe9d5fea0fbad3354d1fb1c') in 0.029278 seconds
Number of updated asset objects reloaded before import = 0
Number of asset objects unloaded after import = 3
========================================================================
Received Import Request.
  Time since last request: 0.173290 seconds.
  path: Assets/Assets/Dark UI/New Icons/White Light.png
  artifactKey: Guid(256fb8f6fc4c4bd4faf89a2d01947f02) Importer(815301076,1909f56bfc062723c751e8b465ee728b)
Start importing Assets/Assets/Dark UI/New Icons/White Light.png using Guid(256fb8f6fc4c4bd4faf89a2d01947f02) Importer(815301076,1909f56bfc062723c751e8b465ee728b)  -> (artifact id: '734fac95878c1289e7fc136a4992578d') in 0.025980 seconds
Number of updated asset objects reloaded before import = 0
Number of asset objects unloaded after import = 3
========================================================================
Received Import Request.
  Time since last request: 0.000016 seconds.
  path: Assets/Assets/Dark UI/New Icons/White Mace.png
  artifactKey: Guid(f3536f8c82e4c5748bb3ac49f3076a64) Importer(815301076,1909f56bfc062723c751e8b465ee728b)
Start importing Assets/Assets/Dark UI/New Icons/White Mace.png using Guid(f3536f8c82e4c5748bb3ac49f3076a64) Importer(815301076,1909f56bfc062723c751e8b465ee728b)  -> (artifact id: '3945972c3040c6cf8209ec25d19ff8ed') in 0.028539 seconds
Number of updated asset objects reloaded before import = 0
Number of asset objects unloaded after import = 3
========================================================================
Received Import Request.
  Time since last request: 0.000155 seconds.
  path: Assets/Assets/Dark UI/New Icons/White Lock.png
  artifactKey: Guid(2195e314e582f924e919ee41f06894bb) Importer(815301076,1909f56bfc062723c751e8b465ee728b)
Start importing Assets/Assets/Dark UI/New Icons/White Lock.png using Guid(2195e314e582f924e919ee41f06894bb) Importer(815301076,1909f56bfc062723c751e8b465ee728b)  -> (artifact id: '61090f5cddcebfa5fec99897ac0cb1c6') in 0.027155 seconds
Number of updated asset objects reloaded before import = 0
Number of asset objects unloaded after import = 3
========================================================================
Received Import Request.
  Time since last request: 0.000017 seconds.
  path: Assets/Assets/Dark UI/New Icons/White Menu 1.png
  artifactKey: Guid(2a1e1464824789b44ab28ecf35058069) Importer(815301076,1909f56bfc062723c751e8b465ee728b)
Start importing Assets/Assets/Dark UI/New Icons/White Menu 1.png using Guid(2a1e1464824789b44ab28ecf35058069) Importer(815301076,1909f56bfc062723c751e8b465ee728b)  -> (artifact id: '8373a529a9f062b97891a10622885f46') in 0.040052 seconds
Number of updated asset objects reloaded before import = 0
Number of asset objects unloaded after import = 3
========================================================================
Received Import Request.
  Time since last request: 0.000021 seconds.
  path: Assets/Assets/Dark UI/New Icons/White Minus 2.png
  artifactKey: Guid(0d1bc263b91247a4c9c69ffdc72a24a0) Importer(815301076,1909f56bfc062723c751e8b465ee728b)
Start importing Assets/Assets/Dark UI/New Icons/White Minus 2.png using Guid(0d1bc263b91247a4c9c69ffdc72a24a0) Importer(815301076,1909f56bfc062723c751e8b465ee728b)  -> (artifact id: '59f37015897c45595dc917ca8eb446eb') in 0.027389 seconds
Number of updated asset objects reloaded before import = 0
Number of asset objects unloaded after import = 3
========================================================================
Received Import Request.
  Time since last request: 0.000056 seconds.
  path: Assets/Assets/Dark UI/New Icons/White Message.png
  artifactKey: Guid(1942a53187250b94aa25ea73656f2ca1) Importer(815301076,1909f56bfc062723c751e8b465ee728b)
Start importing Assets/Assets/Dark UI/New Icons/White Message.png using Guid(1942a53187250b94aa25ea73656f2ca1) Importer(815301076,1909f56bfc062723c751e8b465ee728b)  -> (artifact id: 'e09c7bba76f21b1a4d4eb578cc8939bf') in 0.028851 seconds
Number of updated asset objects reloaded before import = 0
Number of asset objects unloaded after import = 3
========================================================================
Received Import Request.
  Time since last request: 0.000017 seconds.
  path: Assets/Assets/Dark UI/New Icons/White Move Left.png
  artifactKey: Guid(b2fbf3e3089c73b4cb1ce543b975f49c) Importer(815301076,1909f56bfc062723c751e8b465ee728b)
Start importing Assets/Assets/Dark UI/New Icons/White Move Left.png using Guid(b2fbf3e3089c73b4cb1ce543b975f49c) Importer(815301076,1909f56bfc062723c751e8b465ee728b)  -> (artifact id: '9d81024b489c1d84bf7b6b4453122dd9') in 0.026689 seconds
Number of updated asset objects reloaded before import = 0
Number of asset objects unloaded after import = 3
========================================================================
Received Import Request.
  Time since last request: 0.000050 seconds.
  path: Assets/Assets/Dark UI/New Icons/White Music.png
  artifactKey: Guid(06a16cb520d0f2449a999572cae2cf97) Importer(815301076,1909f56bfc062723c751e8b465ee728b)
Start importing Assets/Assets/Dark UI/New Icons/White Music.png using Guid(06a16cb520d0f2449a999572cae2cf97) Importer(815301076,1909f56bfc062723c751e8b465ee728b)  -> (artifact id: 'df038e4802f9b8c5aee6df6688de7d14') in 0.042977 seconds
Number of updated asset objects reloaded before import = 0
Number of asset objects unloaded after import = 3
========================================================================
Received Import Request.
  Time since last request: 0.000023 seconds.
  path: Assets/Assets/Dark UI/New Icons/White Open File.png
  artifactKey: Guid(93c1eb9de3166864aa165eba44e73edb) Importer(815301076,1909f56bfc062723c751e8b465ee728b)
Start importing Assets/Assets/Dark UI/New Icons/White Open File.png using Guid(93c1eb9de3166864aa165eba44e73edb) Importer(815301076,1909f56bfc062723c751e8b465ee728b)  -> (artifact id: 'ef28e3fb9ab6c1f463ccdb634ce69e26') in 0.028155 seconds
Number of updated asset objects reloaded before import = 0
Number of asset objects unloaded after import = 3
========================================================================
Received Import Request.
  Time since last request: 0.012480 seconds.
  path: Assets/Assets/Dark UI/New Icons/White Party Pop.png
  artifactKey: Guid(2b131a3b7c020d140ad75182bcb4f8de) Importer(815301076,1909f56bfc062723c751e8b465ee728b)
Start importing Assets/Assets/Dark UI/New Icons/White Party Pop.png using Guid(2b131a3b7c020d140ad75182bcb4f8de) Importer(815301076,1909f56bfc062723c751e8b465ee728b)  -> (artifact id: '6499a750114c4ec41c158d7c5248728c') in 0.027885 seconds
Number of updated asset objects reloaded before import = 0
Number of asset objects unloaded after import = 3
========================================================================
Received Import Request.
  Time since last request: 0.000015 seconds.
  path: Assets/Assets/Dark UI/New Icons/White Phone.png
  artifactKey: Guid(3168384dac3e4f244a8bb999f1ffb7f6) Importer(815301076,1909f56bfc062723c751e8b465ee728b)
Start importing Assets/Assets/Dark UI/New Icons/White Phone.png using Guid(3168384dac3e4f244a8bb999f1ffb7f6) Importer(815301076,1909f56bfc062723c751e8b465ee728b)  -> (artifact id: '5cd4a094296e897fa7d4d86f4f0fcb51') in 0.030109 seconds
Number of updated asset objects reloaded before import = 0
Number of asset objects unloaded after import = 3
========================================================================
Received Import Request.
  Time since last request: 0.000023 seconds.
  path: Assets/Assets/Dark UI/New Icons/White Percent.png
  artifactKey: Guid(cf3bffcb26345f442a14e4b7850d9732) Importer(815301076,1909f56bfc062723c751e8b465ee728b)
Start importing Assets/Assets/Dark UI/New Icons/White Percent.png using Guid(cf3bffcb26345f442a14e4b7850d9732) Importer(815301076,1909f56bfc062723c751e8b465ee728b)  -> (artifact id: '3ab58bce657203652f47ea7453079d29') in 0.030867 seconds
Number of updated asset objects reloaded before import = 0
Number of asset objects unloaded after import = 3
========================================================================
Received Import Request.
  Time since last request: 0.120287 seconds.
  path: Assets/Assets/Dark UI/New Icons/White Pie Chart.png
  artifactKey: Guid(36bb148c6f5777247965a52be667ffbd) Importer(815301076,1909f56bfc062723c751e8b465ee728b)
Start importing Assets/Assets/Dark UI/New Icons/White Pie Chart.png using Guid(36bb148c6f5777247965a52be667ffbd) Importer(815301076,1909f56bfc062723c751e8b465ee728b)  -> (artifact id: 'd7395282a4477a5d01ec36ca5c0f1c32') in 0.030580 seconds
Number of updated asset objects reloaded before import = 0
Number of asset objects unloaded after import = 3
========================================================================
Received Import Request.
  Time since last request: 0.000088 seconds.
  path: Assets/Assets/Dark UI/New Icons/White Plane.png
  artifactKey: Guid(1455a262a022ce64c8f0cbffe6767121) Importer(815301076,1909f56bfc062723c751e8b465ee728b)
Start importing Assets/Assets/Dark UI/New Icons/White Plane.png using Guid(1455a262a022ce64c8f0cbffe6767121) Importer(815301076,1909f56bfc062723c751e8b465ee728b)  -> (artifact id: '51f6d3fbdc681bb872ad7d93b2c93f7a') in 0.027590 seconds
Number of updated asset objects reloaded before import = 0
Number of asset objects unloaded after import = 3
========================================================================
Received Import Request.
  Time since last request: 0.010274 seconds.
  path: Assets/Assets/Dark UI/New Icons/White Play.png
  artifactKey: Guid(82cc141cf0a983044b70b85573c5314d) Importer(815301076,1909f56bfc062723c751e8b465ee728b)
Start importing Assets/Assets/Dark UI/New Icons/White Play.png using Guid(82cc141cf0a983044b70b85573c5314d) Importer(815301076,1909f56bfc062723c751e8b465ee728b)  -> (artifact id: 'd0302239f73997d6b37144c4fb052304') in 0.027814 seconds
Number of updated asset objects reloaded before import = 0
Number of asset objects unloaded after import = 3
========================================================================
Received Import Request.
  Time since last request: 0.000013 seconds.
  path: Assets/Assets/Dark UI/New Icons/White Pole.png
  artifactKey: Guid(d7b9ea3e556d6f3488ecee11fdbdf3b9) Importer(815301076,1909f56bfc062723c751e8b465ee728b)
Start importing Assets/Assets/Dark UI/New Icons/White Pole.png using Guid(d7b9ea3e556d6f3488ecee11fdbdf3b9) Importer(815301076,1909f56bfc062723c751e8b465ee728b)  -> (artifact id: '0993515b364ac87904652b7fa6f55659') in 0.024623 seconds
Number of updated asset objects reloaded before import = 0
Number of asset objects unloaded after import = 3
========================================================================
Received Import Request.
  Time since last request: 0.000016 seconds.
  path: Assets/Assets/Dark UI/New Icons/White Queen.png
  artifactKey: Guid(2b5e1f27bb41f3f408211c4643d8f247) Importer(815301076,1909f56bfc062723c751e8b465ee728b)
Start importing Assets/Assets/Dark UI/New Icons/White Queen.png using Guid(2b5e1f27bb41f3f408211c4643d8f247) Importer(815301076,1909f56bfc062723c751e8b465ee728b)  -> (artifact id: '87624fe6348abf00fe2faeb0bb15df1b') in 0.027233 seconds
Number of updated asset objects reloaded before import = 0
Number of asset objects unloaded after import = 3
========================================================================
Received Import Request.
  Time since last request: 0.000341 seconds.
  path: Assets/Assets/Dark UI/New Icons/White Pouch.png
  artifactKey: Guid(811c3208748e9d94aa65018a05d2a62b) Importer(815301076,1909f56bfc062723c751e8b465ee728b)
Start importing Assets/Assets/Dark UI/New Icons/White Pouch.png using Guid(811c3208748e9d94aa65018a05d2a62b) Importer(815301076,1909f56bfc062723c751e8b465ee728b)  -> (artifact id: 'e2e2a8ede91ab7490d88c105b1a1def7') in 0.022485 seconds
Number of updated asset objects reloaded before import = 0
Number of asset objects unloaded after import = 3
========================================================================
Received Import Request.
  Time since last request: 0.000130 seconds.
  path: Assets/Assets/Dark UI/New Icons/White Pumpkin.png
  artifactKey: Guid(8f31f7b4e0bdab94182af78c52249983) Importer(815301076,1909f56bfc062723c751e8b465ee728b)
Start importing Assets/Assets/Dark UI/New Icons/White Pumpkin.png using Guid(8f31f7b4e0bdab94182af78c52249983) Importer(815301076,1909f56bfc062723c751e8b465ee728b)  -> (artifact id: '71812af8a149e7cf65b611e0f9d31ddd') in 0.027103 seconds
Number of updated asset objects reloaded before import = 0
Number of asset objects unloaded after import = 3
========================================================================
Received Import Request.
  Time since last request: 0.019108 seconds.
  path: Assets/Assets/Dark UI/New Icons/White Questions.png
  artifactKey: Guid(bcbd8d8afe724be4390d5e4be2a02ba5) Importer(815301076,1909f56bfc062723c751e8b465ee728b)
Start importing Assets/Assets/Dark UI/New Icons/White Questions.png using Guid(bcbd8d8afe724be4390d5e4be2a02ba5) Importer(815301076,1909f56bfc062723c751e8b465ee728b)  -> (artifact id: '59e9b0fd25a6c31bdc247fb2645c3db1') in 0.026729 seconds
Number of updated asset objects reloaded before import = 0
Number of asset objects unloaded after import = 3
========================================================================
Received Import Request.
  Time since last request: 0.000063 seconds.
  path: Assets/Assets/Dark UI/New Icons/White Ribbon 2.png
  artifactKey: Guid(f46d0f8f82c9f794696f908a7f70fc5d) Importer(815301076,1909f56bfc062723c751e8b465ee728b)
Start importing Assets/Assets/Dark UI/New Icons/White Ribbon 2.png using Guid(f46d0f8f82c9f794696f908a7f70fc5d) Importer(815301076,1909f56bfc062723c751e8b465ee728b)  -> (artifact id: '89e9f43cb63d980289b29b8d2d578821') in 0.023318 seconds
Number of updated asset objects reloaded before import = 0
Number of asset objects unloaded after import = 3
========================================================================
Received Import Request.
  Time since last request: 0.000196 seconds.
  path: Assets/Assets/Dark UI/New Icons/White Ranking.png
  artifactKey: Guid(45f95317ed13d6f45a8c098c7c615e7f) Importer(815301076,1909f56bfc062723c751e8b465ee728b)
Start importing Assets/Assets/Dark UI/New Icons/White Ranking.png using Guid(45f95317ed13d6f45a8c098c7c615e7f) Importer(815301076,1909f56bfc062723c751e8b465ee728b)  -> (artifact id: 'e6ea9c9469b54a85752b18aabead3dbc') in 0.026256 seconds
Number of updated asset objects reloaded before import = 0
Number of asset objects unloaded after import = 3
========================================================================
Received Import Request.
  Time since last request: 0.013186 seconds.
  path: Assets/Assets/Dark UI/New Icons/White Rocket.png
  artifactKey: Guid(689575f4d614a954ea41a8329a1e0c84) Importer(815301076,1909f56bfc062723c751e8b465ee728b)
Start importing Assets/Assets/Dark UI/New Icons/White Rocket.png using Guid(689575f4d614a954ea41a8329a1e0c84) Importer(815301076,1909f56bfc062723c751e8b465ee728b)  -> (artifact id: '65c5046488c43ef28be801bd437d2237') in 0.028645 seconds
Number of updated asset objects reloaded before import = 0
Number of asset objects unloaded after import = 3
========================================================================
Received Import Request.
  Time since last request: 0.000097 seconds.
  path: Assets/Assets/Dark UI/New Icons/White Sad 3.png
  artifactKey: Guid(48351bd260dcd50468420a587df7bc18) Importer(815301076,1909f56bfc062723c751e8b465ee728b)
Start importing Assets/Assets/Dark UI/New Icons/White Sad 3.png using Guid(48351bd260dcd50468420a587df7bc18) Importer(815301076,1909f56bfc062723c751e8b465ee728b)  -> (artifact id: '7b34338841139c9bb7d7c696f8cf0220') in 0.028858 seconds
Number of updated asset objects reloaded before import = 0
Number of asset objects unloaded after import = 3
========================================================================
Received Import Request.
  Time since last request: 0.115309 seconds.
  path: Assets/Assets/Dark UI/New Icons/White ScrewDriver.png
  artifactKey: Guid(25c0d8702947c8949b6593f764399b5a) Importer(815301076,1909f56bfc062723c751e8b465ee728b)
Start importing Assets/Assets/Dark UI/New Icons/White ScrewDriver.png using Guid(25c0d8702947c8949b6593f764399b5a) Importer(815301076,1909f56bfc062723c751e8b465ee728b)  -> (artifact id: 'e06320046a435a768233da8d61f7e1c0') in 0.031618 seconds
Number of updated asset objects reloaded before import = 0
Number of asset objects unloaded after import = 3
========================================================================
Received Import Request.
  Time since last request: 0.000013 seconds.
  path: Assets/Assets/Dark UI/New Icons/White Select 3.png
  artifactKey: Guid(40250185cfcd2604ebc634009dcbe1bf) Importer(815301076,1909f56bfc062723c751e8b465ee728b)
Start importing Assets/Assets/Dark UI/New Icons/White Select 3.png using Guid(40250185cfcd2604ebc634009dcbe1bf) Importer(815301076,1909f56bfc062723c751e8b465ee728b)  -> (artifact id: '57153328d2df8298b37338446bcada8a') in 0.026385 seconds
Number of updated asset objects reloaded before import = 0
Number of asset objects unloaded after import = 3
========================================================================
Received Import Request.
  Time since last request: 0.000020 seconds.
  path: Assets/Assets/Dark UI/New Icons/White Site On.png
  artifactKey: Guid(ec067f7e107282944aa5f5b91c469373) Importer(815301076,1909f56bfc062723c751e8b465ee728b)
Start importing Assets/Assets/Dark UI/New Icons/White Site On.png using Guid(ec067f7e107282944aa5f5b91c469373) Importer(815301076,1909f56bfc062723c751e8b465ee728b)  -> (artifact id: '25f62fa7d71af4522d9b61e65fb54054') in 0.026675 seconds
Number of updated asset objects reloaded before import = 0
Number of asset objects unloaded after import = 3
========================================================================
Received Import Request.
  Time since last request: 0.000052 seconds.
  path: Assets/Assets/Dark UI/New Icons/White Snow Globe 2.png
  artifactKey: Guid(c769a8c320ea15f439821674a811ad22) Importer(815301076,1909f56bfc062723c751e8b465ee728b)
Start importing Assets/Assets/Dark UI/New Icons/White Snow Globe 2.png using Guid(c769a8c320ea15f439821674a811ad22) Importer(815301076,1909f56bfc062723c751e8b465ee728b)  -> (artifact id: '68a5a6227a5885304930c5d7ae1819bf') in 0.032773 seconds
Number of updated asset objects reloaded before import = 0
Number of asset objects unloaded after import = 3
========================================================================
Received Import Request.
  Time since last request: 0.000113 seconds.
  path: Assets/Assets/Dark UI/New Icons/White Sound Off.png
  artifactKey: Guid(0bdf73acc8139174494a96cd50f61ec2) Importer(815301076,1909f56bfc062723c751e8b465ee728b)
Start importing Assets/Assets/Dark UI/New Icons/White Sound Off.png using Guid(0bdf73acc8139174494a96cd50f61ec2) Importer(815301076,1909f56bfc062723c751e8b465ee728b)  -> (artifact id: 'd2231ad92722ccb1f0477ebf851219b0') in 0.028513 seconds
Number of updated asset objects reloaded before import = 0
Number of asset objects unloaded after import = 3
========================================================================
Received Import Request.
  Time since last request: 0.000016 seconds.
  path: Assets/Assets/Dark UI/New Icons/White Symbol 1.png
  artifactKey: Guid(34c4a9cc9e76a5745b43407c7a3675c8) Importer(815301076,1909f56bfc062723c751e8b465ee728b)
Start importing Assets/Assets/Dark UI/New Icons/White Symbol 1.png using Guid(34c4a9cc9e76a5745b43407c7a3675c8) Importer(815301076,1909f56bfc062723c751e8b465ee728b)  -> (artifact id: 'f47074dc1e466d768cb1b251ce8d8159') in 0.026046 seconds
Number of updated asset objects reloaded before import = 0
Number of asset objects unloaded after import = 3
========================================================================
Received Import Request.
  Time since last request: 0.000017 seconds.
  path: Assets/Assets/Dark UI/New Icons/White Star Hollow.png
  artifactKey: Guid(ae66b3efeee4f39428cfdcfa0699c733) Importer(815301076,1909f56bfc062723c751e8b465ee728b)
Start importing Assets/Assets/Dark UI/New Icons/White Star Hollow.png using Guid(ae66b3efeee4f39428cfdcfa0699c733) Importer(815301076,1909f56bfc062723c751e8b465ee728b)  -> (artifact id: '6d5ba5ebef3f6e2a0ead629d3c28f14e') in 0.023144 seconds
Number of updated asset objects reloaded before import = 0
Number of asset objects unloaded after import = 3
========================================================================
Received Import Request.
  Time since last request: 0.000083 seconds.
  path: Assets/Assets/Dark UI/New Icons/White Sun.png
  artifactKey: Guid(6a17271386cc9124eaead6cccf08347b) Importer(815301076,1909f56bfc062723c751e8b465ee728b)
Start importing Assets/Assets/Dark UI/New Icons/White Sun.png using Guid(6a17271386cc9124eaead6cccf08347b) Importer(815301076,1909f56bfc062723c751e8b465ee728b)  -> (artifact id: '04fb1cd1f1a0d027d941bbf5d4c12131') in 0.023925 seconds
Number of updated asset objects reloaded before import = 0
Number of asset objects unloaded after import = 3
========================================================================
Received Import Request.
  Time since last request: 0.000028 seconds.
  path: Assets/Assets/Dark UI/New Icons/White Symbol 6.png
  artifactKey: Guid(4a0d37bf4a6336e46a00fa4f7f01ccf0) Importer(815301076,1909f56bfc062723c751e8b465ee728b)
Start importing Assets/Assets/Dark UI/New Icons/White Symbol 6.png using Guid(4a0d37bf4a6336e46a00fa4f7f01ccf0) Importer(815301076,1909f56bfc062723c751e8b465ee728b)  -> (artifact id: '4d53a989f45f8c653eb2e394cdb967dc') in 0.023849 seconds
Number of updated asset objects reloaded before import = 0
Number of asset objects unloaded after import = 3
========================================================================
Received Import Request.
  Time since last request: 0.000052 seconds.
  path: Assets/Assets/Dark UI/New Icons/White Symbol 3.png
  artifactKey: Guid(dc4815308c7bae24c914d07f32c54387) Importer(815301076,1909f56bfc062723c751e8b465ee728b)
Start importing Assets/Assets/Dark UI/New Icons/White Symbol 3.png using Guid(dc4815308c7bae24c914d07f32c54387) Importer(815301076,1909f56bfc062723c751e8b465ee728b)  -> (artifact id: 'f7577a823c442c162678dbc4affb774e') in 0.027834 seconds
Number of updated asset objects reloaded before import = 0
Number of asset objects unloaded after import = 3
========================================================================
Received Import Request.
  Time since last request: 0.000015 seconds.
  path: Assets/Assets/Dark UI/New Icons/White Strength Up.png
  artifactKey: Guid(395fe610317dbca4e9b7f2cd4c50a82d) Importer(815301076,1909f56bfc062723c751e8b465ee728b)
Start importing Assets/Assets/Dark UI/New Icons/White Strength Up.png using Guid(395fe610317dbca4e9b7f2cd4c50a82d) Importer(815301076,1909f56bfc062723c751e8b465ee728b)  -> (artifact id: '359094cef7dc8e804fa88e55f7792c2f') in 0.027074 seconds
Number of updated asset objects reloaded before import = 0
Number of asset objects unloaded after import = 3
========================================================================
Received Import Request.
  Time since last request: 0.000062 seconds.
  path: Assets/Assets/Dark UI/New Icons/White Speed Boost.png
  artifactKey: Guid(76d890b0d68a3b74a9a373c651c9f6d9) Importer(815301076,1909f56bfc062723c751e8b465ee728b)
Start importing Assets/Assets/Dark UI/New Icons/White Speed Boost.png using Guid(76d890b0d68a3b74a9a373c651c9f6d9) Importer(815301076,1909f56bfc062723c751e8b465ee728b)  -> (artifact id: 'e05b9969c5f4ab16d6bfda60ae04cff6') in 0.028214 seconds
Number of updated asset objects reloaded before import = 0
Number of asset objects unloaded after import = 3
========================================================================
Received Import Request.
  Time since last request: 0.027718 seconds.
  path: Assets/Assets/Dark UI/New Icons/White Symbol 12.png
  artifactKey: Guid(8b966e6a0f0c58a4895972f2da2eb54b) Importer(815301076,1909f56bfc062723c751e8b465ee728b)
Start importing Assets/Assets/Dark UI/New Icons/White Symbol 12.png using Guid(8b966e6a0f0c58a4895972f2da2eb54b) Importer(815301076,1909f56bfc062723c751e8b465ee728b)  -> (artifact id: '0358c191e814025c08d263e7b5c9ad14') in 0.029028 seconds
Number of updated asset objects reloaded before import = 0
Number of asset objects unloaded after import = 3
========================================================================
Received Import Request.
  Time since last request: 0.000016 seconds.
  path: Assets/Assets/Dark UI/New Icons/White Symbol 17.png
  artifactKey: Guid(4107fa49394e8bf4883b5ce2631d726a) Importer(815301076,1909f56bfc062723c751e8b465ee728b)
Start importing Assets/Assets/Dark UI/New Icons/White Symbol 17.png using Guid(4107fa49394e8bf4883b5ce2631d726a) Importer(815301076,1909f56bfc062723c751e8b465ee728b)  -> (artifact id: 'd03fc7cf5060683e303c7e3110a57f8b') in 0.028683 seconds
Number of updated asset objects reloaded before import = 0
Number of asset objects unloaded after import = 3
========================================================================
Received Import Request.
  Time since last request: 0.000017 seconds.
  path: Assets/Assets/Dark UI/New Icons/White Tag.png
  artifactKey: Guid(33188ea6f30bf7c4bbf425eca949248a) Importer(815301076,1909f56bfc062723c751e8b465ee728b)
Start importing Assets/Assets/Dark UI/New Icons/White Tag.png using Guid(33188ea6f30bf7c4bbf425eca949248a) Importer(815301076,1909f56bfc062723c751e8b465ee728b)  -> (artifact id: '34998e49909c957dea2f7f656cc9a1bc') in 0.030275 seconds
Number of updated asset objects reloaded before import = 0
Number of asset objects unloaded after import = 3
========================================================================
Received Import Request.
  Time since last request: 0.012515 seconds.
  path: Assets/Assets/Dark UI/New Icons/White Target 1.png
  artifactKey: Guid(fbfbf4e278b075544975b8a7cfc45f65) Importer(815301076,1909f56bfc062723c751e8b465ee728b)
Start importing Assets/Assets/Dark UI/New Icons/White Target 1.png using Guid(fbfbf4e278b075544975b8a7cfc45f65) Importer(815301076,1909f56bfc062723c751e8b465ee728b)  -> (artifact id: 'd8cc81b05a224435354e303f42a6cce5') in 0.027327 seconds
Number of updated asset objects reloaded before import = 0
Number of asset objects unloaded after import = 3
========================================================================
Received Import Request.
  Time since last request: 0.000073 seconds.
  path: Assets/Assets/Dark UI/New Icons/White Telecom.png
  artifactKey: Guid(4e4b38bc4eb765146aaeb17ffdc95e00) Importer(815301076,1909f56bfc062723c751e8b465ee728b)
Start importing Assets/Assets/Dark UI/New Icons/White Telecom.png using Guid(4e4b38bc4eb765146aaeb17ffdc95e00) Importer(815301076,1909f56bfc062723c751e8b465ee728b)  -> (artifact id: 'cd4b9fe5820cbaca28766188fb05516a') in 0.028448 seconds
Number of updated asset objects reloaded before import = 0
Number of asset objects unloaded after import = 3
========================================================================
Received Import Request.
  Time since last request: 0.218265 seconds.
  path: Assets/Assets/Dark UI/New Icons/White Ticket 1.png
  artifactKey: Guid(c8a8d1a5f0a8d6546979bb778ce96875) Importer(815301076,1909f56bfc062723c751e8b465ee728b)
Start importing Assets/Assets/Dark UI/New Icons/White Ticket 1.png using Guid(c8a8d1a5f0a8d6546979bb778ce96875) Importer(815301076,1909f56bfc062723c751e8b465ee728b)  -> (artifact id: '78144d7d821c3c22c866d12853f75aa0') in 0.047476 seconds
Number of updated asset objects reloaded before import = 0
Number of asset objects unloaded after import = 3
========================================================================
Received Import Request.
  Time since last request: 0.000152 seconds.
  path: Assets/Assets/Dark UI/New Icons/White Tornado.png
  artifactKey: Guid(c7ddcfbcb01d2f44192f5593ea5f5c5f) Importer(815301076,1909f56bfc062723c751e8b465ee728b)
Start importing Assets/Assets/Dark UI/New Icons/White Tornado.png using Guid(c7ddcfbcb01d2f44192f5593ea5f5c5f) Importer(815301076,1909f56bfc062723c751e8b465ee728b)  -> (artifact id: 'fb1ee0be9a48bac8baaf10b0976fe8f0') in 0.038798 seconds
Number of updated asset objects reloaded before import = 0
Number of asset objects unloaded after import = 3
========================================================================
Received Import Request.
  Time since last request: 0.000020 seconds.
  path: Assets/Assets/Dark UI/New Icons/White Video.png
  artifactKey: Guid(53bdab2aa77a9164193b20a9c19d5775) Importer(815301076,1909f56bfc062723c751e8b465ee728b)
Start importing Assets/Assets/Dark UI/New Icons/White Video.png using Guid(53bdab2aa77a9164193b20a9c19d5775) Importer(815301076,1909f56bfc062723c751e8b465ee728b)  -> (artifact id: '1c701f2dbe08663a56857804411a15ca') in 0.025114 seconds
Number of updated asset objects reloaded before import = 0
Number of asset objects unloaded after import = 3
========================================================================
Received Import Request.
  Time since last request: 0.009494 seconds.
  path: Assets/Assets/Dark UI/New Icons/White Voice Off.png
  artifactKey: Guid(954f69545cb874a43b504dc69345a8fe) Importer(815301076,1909f56bfc062723c751e8b465ee728b)
Start importing Assets/Assets/Dark UI/New Icons/White Voice Off.png using Guid(954f69545cb874a43b504dc69345a8fe) Importer(815301076,1909f56bfc062723c751e8b465ee728b)  -> (artifact id: '87c6111438f70fa5a4ddbe18c7c61a17') in 0.032696 seconds
Number of updated asset objects reloaded before import = 0
Number of asset objects unloaded after import = 3
========================================================================
Received Import Request.
  Time since last request: 0.000152 seconds.
  path: Assets/Assets/Dark UI/New Icons/White Wand 2.png
  artifactKey: Guid(4f750aed725dbab45a8fd4c00af41df0) Importer(815301076,1909f56bfc062723c751e8b465ee728b)
Start importing Assets/Assets/Dark UI/New Icons/White Wand 2.png using Guid(4f750aed725dbab45a8fd4c00af41df0) Importer(815301076,1909f56bfc062723c751e8b465ee728b)  -> (artifact id: 'a16174b3b2f978be48555ca837224867') in 0.034815 seconds
Number of updated asset objects reloaded before import = 0
Number of asset objects unloaded after import = 3
========================================================================
Received Import Request.
  Time since last request: 0.000025 seconds.
  path: Assets/Assets/Dark UI/New Icons/White Water Droplet.png
  artifactKey: Guid(80fdc1f66d932cf48b96b6b1c28d2272) Importer(815301076,1909f56bfc062723c751e8b465ee728b)
Start importing Assets/Assets/Dark UI/New Icons/White Water Droplet.png using Guid(80fdc1f66d932cf48b96b6b1c28d2272) Importer(815301076,1909f56bfc062723c751e8b465ee728b)  -> (artifact id: '7066ec09cec1f276ba6c9ca6214113b4') in 0.038291 seconds
Number of updated asset objects reloaded before import = 0
Number of asset objects unloaded after import = 3
========================================================================
Received Import Request.
  Time since last request: 0.025992 seconds.
  path: Assets/Assets/Dark UI/New Icons/White Witch Hat.png
  artifactKey: Guid(31caf4d1eeee1a14fa0241c13fd335e0) Importer(815301076,1909f56bfc062723c751e8b465ee728b)
Start importing Assets/Assets/Dark UI/New Icons/White Witch Hat.png using Guid(31caf4d1eeee1a14fa0241c13fd335e0) Importer(815301076,1909f56bfc062723c751e8b465ee728b)  -> (artifact id: 'a6990c9140ca2f9f634997cf32909bf6') in 0.030042 seconds
Number of updated asset objects reloaded before import = 0
Number of asset objects unloaded after import = 3
========================================================================
Received Import Request.
  Time since last request: 0.000147 seconds.
  path: Assets/Assets/Dark UI/Free/X.png
  artifactKey: Guid(af19b810ad81d8741ba1583f72a9d93c) Importer(815301076,1909f56bfc062723c751e8b465ee728b)
Start importing Assets/Assets/Dark UI/Free/X.png using Guid(af19b810ad81d8741ba1583f72a9d93c) Importer(815301076,1909f56bfc062723c751e8b465ee728b)  -> (artifact id: '9c3ab1d1c9962cd35e9b53de7c72788a') in 0.033963 seconds
Number of updated asset objects reloaded before import = 0
Number of asset objects unloaded after import = 3
========================================================================
Received Prepare
Begin MonoManager ReloadAssembly
- Loaded All Assemblies, in  4.073 seconds
Refreshing native plugins compatible for Editor in 3.15 ms, found 4 plugins.
Native extension for WindowsStandalone target not found
Native extension for Android target not found
Mono: successfully reloaded assembly
- Finished resetting the current domain, in 25.129 seconds
Domain Reload Profiling: 29200ms
	BeginReloadAssembly (152ms)
		ExecutionOrderSort (0ms)
		DisableScriptedObjects (26ms)
		BackupInstance (0ms)
		ReleaseScriptingObjects (0ms)
		CreateAndSetChildDomain (33ms)
	RebuildCommonClasses (33ms)
	RebuildNativeTypeToScriptingClass (11ms)
	initialDomainReloadingComplete (30ms)
	LoadAllAssembliesAndSetupDomain (3843ms)
		LoadAssemblies (3901ms)
		RebuildTransferFunctionScriptingTraits (0ms)
		AnalyzeDomain (11ms)
			TypeCache.Refresh (5ms)
				TypeCache.ScanAssembly (0ms)
			ScanForSourceGeneratedMonoScriptInfo (0ms)
			ResolveRequiredComponents (4ms)
	FinalizeReload (25130ms)
		ReleaseScriptCaches (0ms)
		RebuildScriptCaches (0ms)
		SetupLoadedEditorAssemblies (343ms)
			LogAssemblyErrors (0ms)
			InitializePlatformSupportModulesInManaged (19ms)
			SetLoadedEditorAssemblies (4ms)
			RefreshPlugins (0ms)
			BeforeProcessingInitializeOnLoad (58ms)
			ProcessInitializeOnLoadAttributes (232ms)
			ProcessInitializeOnLoadMethodAttributes (26ms)
			AfterProcessingInitializeOnLoad (4ms)
			EditorAssembliesLoaded (0ms)
		ExecutionOrderSort2 (0ms)
		AwakeInstancesAfterBackupRestoration (10ms)
Refreshing native plugins compatible for Editor in 7.91 ms, found 4 plugins.
Preloading 0 native plugins for Editor in 0.00 ms.
Unloading 4069 Unused Serialized files (Serialized files now loaded: 0)
Unloading 43 unused Assets / (217.0 KB). Loaded Objects now: 4545.
Memory consumption went from 149.7 MB to 149.5 MB.
Total: 2.755000 ms (FindLiveObjects: 0.213400 ms CreateObjectMapping: 0.098500 ms MarkObjects: 2.277800 ms  DeleteObjects: 0.164600 ms)

Prepare: number of updated asset objects reloaded= 0
AssetImportParameters requested are different than current active one (requested -> active):
  custom:container-demuxer-ogg: 62fdf1f143b41e24485cea50d1cbac27 -> 
  custom:video-codec-MediaFoundation-h265: 746d11721c4dcdbdad8f713fa42b33f4 -> 
  custom:video-decoder-ogg-theora: a1e56fd34408186e4bbccfd4996cb3dc -> 
  custom:framework-win-MediaFoundation: 216162199b28c13a410421893ffa2e32 -> 
  custom:CustomObjectIndexerAttribute: 9a22284fe3817be447336de3de66b15e -> 
  custom:container-demuxer-webm: 4f35f7cbe854078d1ac9338744f61a02 -> 
  custom:container-muxer-webm: aa71ff27fc2769a1b78a27578f13a17b -> 
  custom:video-decoder-webm-vp8: 9c59270c3fd7afecdb556c50c9e8de78 -> 
  custom:SearchIndexIgnoredProperties: e643bd26f0fe6173181afceb89e7c659 -> 
  custom:AudioImporter_EditorPlatform: d09bf68614088b80899f8185d706f6e7 -> 
  custom:video-encoder-webm-vp8: eb34c28f22e8b96e1ab97ce403110664 -> 
  custom:audio-decoder-ogg-vorbis: bf7c407c2cedff20999df2af8eb42d56 -> 
  custom:audio-encoder-webm-vorbis: bf7c407c2cedff20999df2af8eb42d56 -> 
========================================================================
Received Import Request.
  Time since last request: 980.938267 seconds.
  path: Assets/Assets/Dark UI/Free/32.png
  artifactKey: Guid(dcdc43f7a0ad67b4ab3e3db38233dfae) Importer(815301076,1909f56bfc062723c751e8b465ee728b)
Start importing Assets/Assets/Dark UI/Free/32.png using Guid(dcdc43f7a0ad67b4ab3e3db38233dfae) Importer(815301076,1909f56bfc062723c751e8b465ee728b)  -> (artifact id: '192dd98e8e6b54944ceff1fb2ecb2112') in 0.070535 seconds
Number of updated asset objects reloaded before import = 0
Number of asset objects unloaded after import = 3
========================================================================
Received Import Request.
  Time since last request: 0.248662 seconds.
  path: Assets/Assets/Dark UI/Free/64 Light.png
  artifactKey: Guid(1bf101c8c2b8aab4484cd2ff08be047b) Importer(815301076,1909f56bfc062723c751e8b465ee728b)
Start importing Assets/Assets/Dark UI/Free/64 Light.png using Guid(1bf101c8c2b8aab4484cd2ff08be047b) Importer(815301076,1909f56bfc062723c751e8b465ee728b)  -> (artifact id: 'c407a6ecb04641908404f1a56a96951e') in 0.023369 seconds
Number of updated asset objects reloaded before import = 0
Number of asset objects unloaded after import = 3
========================================================================
Received Import Request.
  Time since last request: 0.000046 seconds.
  path: Assets/Assets/Dark UI/Free/BTN_A2.png
  artifactKey: Guid(0d6987b955d79574a92ef79c006ad418) Importer(815301076,1909f56bfc062723c751e8b465ee728b)
Start importing Assets/Assets/Dark UI/Free/BTN_A2.png using Guid(0d6987b955d79574a92ef79c006ad418) Importer(815301076,1909f56bfc062723c751e8b465ee728b)  -> (artifact id: '2eff373e0c7744216e3c85bb387d61b5') in 0.031876 seconds
Number of updated asset objects reloaded before import = 0
Number of asset objects unloaded after import = 3
========================================================================
Received Import Request.
  Time since last request: 0.000017 seconds.
  path: Assets/Assets/Dark UI/Free/Button_Medium_A.png
  artifactKey: Guid(f9fa9ebfa2606f840a23f0bb0ac882af) Importer(815301076,1909f56bfc062723c751e8b465ee728b)
Start importing Assets/Assets/Dark UI/Free/Button_Medium_A.png using Guid(f9fa9ebfa2606f840a23f0bb0ac882af) Importer(815301076,1909f56bfc062723c751e8b465ee728b)  -> (artifact id: '8fd48feb2ee847c26defc851c51dfa27') in 0.027372 seconds
Number of updated asset objects reloaded before import = 0
Number of asset objects unloaded after import = 3
========================================================================
Received Import Request.
  Time since last request: 0.000260 seconds.
  path: Assets/Assets/Dark UI/Free/CIRCLE4PXMED.png
  artifactKey: Guid(ec6eebcb88fa2314796ef9605c6a43e7) Importer(815301076,1909f56bfc062723c751e8b465ee728b)
Start importing Assets/Assets/Dark UI/Free/CIRCLE4PXMED.png using Guid(ec6eebcb88fa2314796ef9605c6a43e7) Importer(815301076,1909f56bfc062723c751e8b465ee728b)  -> (artifact id: 'b7dc758c58027b4b852fd9054686f756') in 0.029920 seconds
Number of updated asset objects reloaded before import = 0
Number of asset objects unloaded after import = 3
========================================================================
Received Import Request.
  Time since last request: 0.000022 seconds.
  path: Assets/Assets/Dark UI/Free/Button_Small_A.png
  artifactKey: Guid(5ed7b78422faa044695989e1108c5d63) Importer(815301076,1909f56bfc062723c751e8b465ee728b)
Start importing Assets/Assets/Dark UI/Free/Button_Small_A.png using Guid(5ed7b78422faa044695989e1108c5d63) Importer(815301076,1909f56bfc062723c751e8b465ee728b)  -> (artifact id: 'fb16a53d6bc61052cc03f85634f390e5') in 0.029136 seconds
Number of updated asset objects reloaded before import = 0
Number of asset objects unloaded after import = 3
========================================================================
Received Import Request.
  Time since last request: 0.000021 seconds.
  path: Assets/Assets/Dark UI/Free/CIRCLE2PXMED.png
  artifactKey: Guid(67d26aedff211d940a0a479f8a01fdc2) Importer(815301076,1909f56bfc062723c751e8b465ee728b)
Start importing Assets/Assets/Dark UI/Free/CIRCLE2PXMED.png using Guid(67d26aedff211d940a0a479f8a01fdc2) Importer(815301076,1909f56bfc062723c751e8b465ee728b)  -> (artifact id: '644ef7ec1e72d9ec80738583e4201bec') in 0.025653 seconds
Number of updated asset objects reloaded before import = 0
Number of asset objects unloaded after import = 3
========================================================================
Received Import Request.
  Time since last request: 0.000018 seconds.
  path: Assets/Assets/Dark UI/Free/Button_Large_A.png
  artifactKey: Guid(fee7cb0981897184ca8e254670a1d84f) Importer(815301076,1909f56bfc062723c751e8b465ee728b)
Start importing Assets/Assets/Dark UI/Free/Button_Large_A.png using Guid(fee7cb0981897184ca8e254670a1d84f) Importer(815301076,1909f56bfc062723c751e8b465ee728b)  -> (artifact id: '4a6b6f9c7b63779bd1a01dacd471da58') in 0.030291 seconds
Number of updated asset objects reloaded before import = 0
Number of asset objects unloaded after import = 3
========================================================================
Received Import Request.
  Time since last request: 0.000017 seconds.
  path: Assets/Assets/Dark UI/Free/128.png
  artifactKey: Guid(87ea2079a91b3e74f84b5cb700abb4d6) Importer(815301076,1909f56bfc062723c751e8b465ee728b)
Start importing Assets/Assets/Dark UI/Free/128.png using Guid(87ea2079a91b3e74f84b5cb700abb4d6) Importer(815301076,1909f56bfc062723c751e8b465ee728b)  -> (artifact id: '61da2e9e361ed1329a13fe490f92af60') in 0.026838 seconds
Number of updated asset objects reloaded before import = 0
Number of asset objects unloaded after import = 3
========================================================================
Received Import Request.
  Time since last request: 0.000159 seconds.
  path: Assets/Assets/Dark UI/Free/D.png
  artifactKey: Guid(bfdc84f127b8607479e3fe35cd51157a) Importer(815301076,1909f56bfc062723c751e8b465ee728b)
Start importing Assets/Assets/Dark UI/Free/D.png using Guid(bfdc84f127b8607479e3fe35cd51157a) Importer(815301076,1909f56bfc062723c751e8b465ee728b)  -> (artifact id: 'dbfb31dc28b3aea542b77270876aeded') in 0.026510 seconds
Number of updated asset objects reloaded before import = 0
Number of asset objects unloaded after import = 3
========================================================================
Received Import Request.
  Time since last request: 0.000018 seconds.
  path: Assets/Assets/Dark UI/Free/Close BTN.png
  artifactKey: Guid(a11d716ada219fe4683e6147d610043e) Importer(815301076,1909f56bfc062723c751e8b465ee728b)
Start importing Assets/Assets/Dark UI/Free/Close BTN.png using Guid(a11d716ada219fe4683e6147d610043e) Importer(815301076,1909f56bfc062723c751e8b465ee728b)  -> (artifact id: 'dd381bfd38b6741fe8276108aa9d925f') in 0.031189 seconds
Number of updated asset objects reloaded before import = 0
Number of asset objects unloaded after import = 3
========================================================================
Received Import Request.
  Time since last request: 0.000027 seconds.
  path: Assets/Assets/Dark UI/Free/ButtonMediumRound.png
  artifactKey: Guid(9c3fb1e6eb7fc9745b3bba559360321f) Importer(815301076,1909f56bfc062723c751e8b465ee728b)
Start importing Assets/Assets/Dark UI/Free/ButtonMediumRound.png using Guid(9c3fb1e6eb7fc9745b3bba559360321f) Importer(815301076,1909f56bfc062723c751e8b465ee728b)  -> (artifact id: '10587345a85ab53348710eba14f9e74d') in 0.032742 seconds
Number of updated asset objects reloaded before import = 0
Number of asset objects unloaded after import = 3
========================================================================
Received Import Request.
  Time since last request: 0.000022 seconds.
  path: Assets/Assets/Dark UI/Free/BTN_A3.png
  artifactKey: Guid(864f00a7055893d45b093ac179e35237) Importer(815301076,1909f56bfc062723c751e8b465ee728b)
Start importing Assets/Assets/Dark UI/Free/BTN_A3.png using Guid(864f00a7055893d45b093ac179e35237) Importer(815301076,1909f56bfc062723c751e8b465ee728b)  -> (artifact id: '3e37ef3d13e3a9c45cb185d4f84bfc41') in 0.032774 seconds
Number of updated asset objects reloaded before import = 0
Number of asset objects unloaded after import = 3
========================================================================
Received Import Request.
  Time since last request: 0.000020 seconds.
  path: Assets/Assets/Dark UI/Free/Coin.png
  artifactKey: Guid(2e43f0691f0d7404eae8d01381da65a0) Importer(815301076,1909f56bfc062723c751e8b465ee728b)
Start importing Assets/Assets/Dark UI/Free/Coin.png using Guid(2e43f0691f0d7404eae8d01381da65a0) Importer(815301076,1909f56bfc062723c751e8b465ee728b)  -> (artifact id: '1989d5ef51583671fcfe8f4a4cec8be9') in 0.028227 seconds
Number of updated asset objects reloaded before import = 0
Number of asset objects unloaded after import = 3
========================================================================
Received Import Request.
  Time since last request: 0.000023 seconds.
  path: Assets/Assets/Dark UI/Free/BTN_A1.png
  artifactKey: Guid(604d5ed6f532a5146bf48201437881ee) Importer(815301076,1909f56bfc062723c751e8b465ee728b)
Start importing Assets/Assets/Dark UI/Free/BTN_A1.png using Guid(604d5ed6f532a5146bf48201437881ee) Importer(815301076,1909f56bfc062723c751e8b465ee728b)  -> (artifact id: '4b9f92dc454d610fef4e86a9fb5127aa') in 0.025134 seconds
Number of updated asset objects reloaded before import = 0
Number of asset objects unloaded after import = 3
========================================================================
Received Import Request.
  Time since last request: 0.000022 seconds.
  path: Assets/Assets/Dark UI/Free/32 Light 2.png
  artifactKey: Guid(9c22439f7b2eadb41b70e5385d667660) Importer(815301076,1909f56bfc062723c751e8b465ee728b)
Start importing Assets/Assets/Dark UI/Free/32 Light 2.png using Guid(9c22439f7b2eadb41b70e5385d667660) Importer(815301076,1909f56bfc062723c751e8b465ee728b)  -> (artifact id: 'a46bebd59e66678a67446b2105c7d743') in 0.028418 seconds
Number of updated asset objects reloaded before import = 0
Number of asset objects unloaded after import = 3
========================================================================
Received Import Request.
  Time since last request: 0.000028 seconds.
  path: Assets/Assets/Dark UI/Free/CIRCLE4PXSMA.png
  artifactKey: Guid(572955b2fc805584aaa343215e806606) Importer(815301076,1909f56bfc062723c751e8b465ee728b)
Start importing Assets/Assets/Dark UI/Free/CIRCLE4PXSMA.png using Guid(572955b2fc805584aaa343215e806606) Importer(815301076,1909f56bfc062723c751e8b465ee728b)  -> (artifact id: '5757609f285ac30ce7eb23a97cbe58dc') in 0.027864 seconds
Number of updated asset objects reloaded before import = 0
Number of asset objects unloaded after import = 3
========================================================================
Received Import Request.
  Time since last request: 0.000032 seconds.
  path: Assets/Assets/Dark UI/Free/ButtonLargeRound.png
  artifactKey: Guid(ac9e02ea18781ab459dd5feca42c0db1) Importer(815301076,1909f56bfc062723c751e8b465ee728b)
Start importing Assets/Assets/Dark UI/Free/ButtonLargeRound.png using Guid(ac9e02ea18781ab459dd5feca42c0db1) Importer(815301076,1909f56bfc062723c751e8b465ee728b)  -> (artifact id: '862a697cbeaa006b6e9a39a86a8f3854') in 0.027006 seconds
Number of updated asset objects reloaded before import = 0
Number of asset objects unloaded after import = 3
Editor requested this worker to shutdown with reason: Scaling down because of idle timeout
TcpMessagingSession - receive error: operation aborted. errorcode: 995, details:        I/O  .
AssetImportWorker is now disconnected from the server
Process exiting
Exiting without the bug reporter. Application will terminate with return code 0